#
# There is insufficient memory for the Java Runtime Environment to continue.
# Native memory allocation (malloc) failed to allocate 648384 bytes for Chunk::new
# Possible reasons:
#   The system is out of physical RAM or swap space
#   In 32 bit mode, the process size limit was hit
# Possible solutions:
#   Reduce memory load on the system
#   Increase physical memory or swap space
#   Check if swap backing store is full
#   Use 64 bit Java on a 64 bit OS
#   Decrease Java heap size (-Xmx/-Xms)
#   Decrease number of Java threads
#   Decrease Java thread stack sizes (-Xss)
#   Set larger code cache with -XX:ReservedCodeCacheSize=
# This output file may be truncated or incomplete.
#
#  Out of Memory Error (allocation.cpp:390), pid=13524, tid=0x0000000000001c28
#
# JRE version: Java(TM) SE Runtime Environment (8.0_151-b12) (build 1.8.0_151-b12)
# Java VM: Java HotSpot(TM) 64-Bit Server VM (25.151-b12 mixed mode windows-amd64 compressed oops)
# Failed to write core dump. Minidumps are not enabled by default on client versions of Windows
#

---------------  T H R E A D  ---------------

Current thread (0x0000000018957800):  JavaThread "C2 CompilerThread1" daemon [_thread_in_native, id=7208, stack(0x00000000191e0000,0x00000000192e0000)]

Stack: [0x00000000191e0000,0x00000000192e0000]
[error occurred during error reporting (printing stack bounds), id 0xc0000005]

Native frames: (J=compiled Java code, j=interpreted, Vv=VM code, C=native code)


Current CompileTask:
C2:  11864 6458       4       sjsonnew.support.scalajson.unsafe.CompactPrinter$::print (7 bytes)


---------------  P R O C E S S  ---------------

Java Threads: ( => current thread )
  0x0000000020a30800 JavaThread "pool-3-thread-5" [_thread_in_native, id=13776, stack(0x0000000026560000,0x0000000026660000)]
  0x0000000019bd7800 JavaThread "pool-3-thread-4" [_thread_blocked, id=9292, stack(0x0000000026460000,0x0000000026560000)]
  0x0000000020b87800 JavaThread "pool-3-thread-3" [_thread_blocked, id=8636, stack(0x0000000026360000,0x0000000026460000)]
  0x0000000023d5d800 JavaThread "pool-3-thread-2" [_thread_blocked, id=2720, stack(0x0000000026260000,0x0000000026360000)]
  0x000000001c095000 JavaThread "pool-3-thread-1" [_thread_blocked, id=10088, stack(0x0000000026160000,0x0000000026260000)]
  0x000000001b814000 JavaThread "Log4j2-TF-1-AsyncLogger[AsyncContext@147ed70f]-1" daemon [_thread_blocked, id=6128, stack(0x000000001c780000,0x000000001c880000)]
  0x000000001895d800 JavaThread "Service Thread" daemon [_thread_blocked, id=1740, stack(0x00000000193e0000,0x00000000194e0000)]
  0x0000000018958800 JavaThread "C1 CompilerThread2" daemon [_thread_blocked, id=4596, stack(0x00000000192e0000,0x00000000193e0000)]
=>0x0000000018957800 JavaThread "C2 CompilerThread1" daemon [_thread_in_native, id=7208, stack(0x00000000191e0000,0x00000000192e0000)]
  0x0000000018907000 JavaThread "C2 CompilerThread0" daemon [_thread_in_native, id=9404, stack(0x00000000190e0000,0x00000000191e0000)]
  0x00000000188fa000 JavaThread "JDWP Event Helper Thread" daemon [_thread_blocked, id=3988, stack(0x0000000018fe0000,0x00000000190e0000)]
  0x00000000188f6800 JavaThread "JDWP Transport Listener: dt_socket" daemon [_thread_in_native, id=11968, stack(0x0000000018ee0000,0x0000000018fe0000)]
  0x00000000188f0800 JavaThread "Attach Listener" daemon [_thread_blocked, id=16960, stack(0x0000000018de0000,0x0000000018ee0000)]
  0x0000000017500000 JavaThread "Signal Dispatcher" daemon [_thread_blocked, id=10932, stack(0x0000000018ce0000,0x0000000018de0000)]
  0x0000000005777800 JavaThread "Finalizer" daemon [_thread_blocked, id=3584, stack(0x0000000018750000,0x0000000018850000)]
  0x0000000005772000 JavaThread "Reference Handler" daemon [_thread_blocked, id=2240, stack(0x0000000018650000,0x0000000018750000)]
  0x0000000005682800 JavaThread "main" [_thread_blocked, id=17032, stack(0x0000000005550000,0x0000000005650000)]

Other Threads:
  0x00000000174b7800 VMThread [stack: 0x0000000018550000,0x0000000018650000] [id=15936]
  0x0000000018976000 WatcherThread [stack: 0x00000000194e0000,0x00000000195e0000] [id=3044]

VM state:not at safepoint (normal execution)

VM Mutex/Monitor currently owned by a thread: None

Heap:
 PSYoungGen      total 123904K, used 42641K [0x00000000f0000000, 0x00000000fcc00000, 0x0000000100000000)
  eden space 113152K, 28% used [0x00000000f0000000,0x00000000f1f265e8,0x00000000f6e80000)
  from space 10752K, 99% used [0x00000000f6e80000,0x00000000f78fe010,0x00000000f7900000)
  to   space 24064K, 0% used [0x00000000fb480000,0x00000000fb480000,0x00000000fcc00000)
 ParOldGen       total 89088K, used 31771K [0x00000000d0000000, 0x00000000d5700000, 0x00000000f0000000)
  object space 89088K, 35% used [0x00000000d0000000,0x00000000d1f06de8,0x00000000d5700000)
 Metaspace       used 59695K, capacity 66518K, committed 66816K, reserved 1107968K
  class space    used 8256K, capacity 8667K, committed 8704K, reserved 1048576K

Card table byte_map: [0x0000000014b40000,0x0000000014cd0000] byte_map_base: 0x00000000144c0000

Marking Bits: (ParMarkBitMap*) 0x000000005527d850
 Begin Bits: [0x00000000151d0000, 0x0000000015dd0000)
 End Bits:   [0x0000000015dd0000, 0x00000000169d0000)

Polling page: 0x0000000003890000

CodeCache: size=245760Kb used=17177Kb max_used=17183Kb free=228582Kb
 bounds [0x0000000005780000, 0x0000000006860000, 0x0000000014780000]
 total_blobs=6378 nmethods=5801 adapters=494
 compilation: enabled

Compilation events (10 events):
Event: 11.790 Thread 0x0000000018958800 6453       3       sjsonnew.support.scalajson.unsafe.CompactPrinter$$Lambda$435/1747237139::get$Lambda (9 bytes)
Event: 11.790 Thread 0x0000000018958800 nmethod 6453 0x0000000006820210 code [0x0000000006820380, 0x00000000068205d0]
Event: 11.790 Thread 0x0000000018958800 6454       3       sjsonnew.support.scalajson.unsafe.CompactPrinter$$Lambda$435/1747237139::<init> (10 bytes)
Event: 11.790 Thread 0x0000000018958800 nmethod 6454 0x000000000681fe50 code [0x000000000681ffa0, 0x0000000006820170]
Event: 11.790 Thread 0x0000000018958800 6455       3       sjsonnew.support.scalajson.unsafe.CompactPrinter$$Lambda$436/1969925628::get$Lambda (10 bytes)
Event: 11.791 Thread 0x0000000018958800 nmethod 6455 0x000000000681f950 code [0x000000000681fac0, 0x000000000681fd30]
Event: 11.791 Thread 0x0000000018958800 6456       3       sjsonnew.support.scalajson.unsafe.CompactPrinter$$Lambda$436/1969925628::<init> (15 bytes)
Event: 11.791 Thread 0x0000000018958800 nmethod 6456 0x000000000682d9d0 code [0x000000000682db20, 0x000000000682dcf0]
Event: 11.792 Thread 0x0000000018907000 6457       4       sjsonnew.support.scalajson.unsafe.CompactPrinter::print (101 bytes)
Event: 11.796 Thread 0x0000000018957800 6458       4       sjsonnew.support.scalajson.unsafe.CompactPrinter$::print (7 bytes)

GC Heap History (10 events):
Event: 6.709 GC heap before
{Heap before GC invocations=6 (full 2):
 PSYoungGen      total 123904K, used 5742K [0x00000000f0000000, 0x00000000f8600000, 0x0000000100000000)
  eden space 113152K, 0% used [0x00000000f0000000,0x00000000f0000000,0x00000000f6e80000)
  from space 10752K, 53% used [0x00000000f7900000,0x00000000f7e9b960,0x00000000f8380000)
  to   space 10752K, 0% used [0x00000000f6e80000,0x00000000f6e80000,0x00000000f7900000)
 ParOldGen       total 89088K, used 7752K [0x00000000d0000000, 0x00000000d5700000, 0x00000000f0000000)
  object space 89088K, 8% used [0x00000000d0000000,0x00000000d0792258,0x00000000d5700000)
 Metaspace       used 33852K, capacity 35430K, committed 35496K, reserved 1079296K
  class space    used 4739K, capacity 4927K, committed 4992K, reserved 1048576K
Event: 6.740 GC heap after
Heap after GC invocations=6 (full 2):
 PSYoungGen      total 123904K, used 0K [0x00000000f0000000, 0x00000000f8600000, 0x0000000100000000)
  eden space 113152K, 0% used [0x00000000f0000000,0x00000000f0000000,0x00000000f6e80000)
  from space 10752K, 0% used [0x00000000f7900000,0x00000000f7900000,0x00000000f8380000)
  to   space 10752K, 0% used [0x00000000f6e80000,0x00000000f6e80000,0x00000000f7900000)
 ParOldGen       total 89088K, used 11593K [0x00000000d0000000, 0x00000000d5700000, 0x00000000f0000000)
  object space 89088K, 13% used [0x00000000d0000000,0x00000000d0b52698,0x00000000d5700000)
 Metaspace       used 33852K, capacity 35430K, committed 35496K, reserved 1079296K
  class space    used 4739K, capacity 4927K, committed 4992K, reserved 1048576K
}
Event: 8.766 GC heap before
{Heap before GC invocations=7 (full 2):
 PSYoungGen      total 123904K, used 113152K [0x00000000f0000000, 0x00000000f8600000, 0x0000000100000000)
  eden space 113152K, 100% used [0x00000000f0000000,0x00000000f6e80000,0x00000000f6e80000)
  from space 10752K, 0% used [0x00000000f7900000,0x00000000f7900000,0x00000000f8380000)
  to   space 10752K, 0% used [0x00000000f6e80000,0x00000000f6e80000,0x00000000f7900000)
 ParOldGen       total 89088K, used 11593K [0x00000000d0000000, 0x00000000d5700000, 0x00000000f0000000)
  object space 89088K, 13% used [0x00000000d0000000,0x00000000d0b52698,0x00000000d5700000)
 Metaspace       used 49335K, capacity 52716K, committed 52992K, reserved 1095680K
  class space    used 6504K, capacity 6794K, committed 6912K, reserved 1048576K
Event: 8.784 GC heap after
Heap after GC invocations=7 (full 2):
 PSYoungGen      total 123904K, used 10738K [0x00000000f0000000, 0x00000000f8600000, 0x0000000100000000)
  eden space 113152K, 0% used [0x00000000f0000000,0x00000000f0000000,0x00000000f6e80000)
  from space 10752K, 99% used [0x00000000f6e80000,0x00000000f78fcbd8,0x00000000f7900000)
  to   space 10752K, 0% used [0x00000000f7900000,0x00000000f7900000,0x00000000f8380000)
 ParOldGen       total 89088K, used 28246K [0x00000000d0000000, 0x00000000d5700000, 0x00000000f0000000)
  object space 89088K, 31% used [0x00000000d0000000,0x00000000d1b958d0,0x00000000d5700000)
 Metaspace       used 49335K, capacity 52716K, committed 52992K, reserved 1095680K
  class space    used 6504K, capacity 6794K, committed 6912K, reserved 1048576K
}
Event: 9.504 GC heap before
{Heap before GC invocations=8 (full 2):
 PSYoungGen      total 123904K, used 45217K [0x00000000f0000000, 0x00000000f8600000, 0x0000000100000000)
  eden space 113152K, 30% used [0x00000000f0000000,0x00000000f21ab9d0,0x00000000f6e80000)
  from space 10752K, 99% used [0x00000000f6e80000,0x00000000f78fcbd8,0x00000000f7900000)
  to   space 10752K, 0% used [0x00000000f7900000,0x00000000f7900000,0x00000000f8380000)
 ParOldGen       total 89088K, used 28246K [0x00000000d0000000, 0x00000000d5700000, 0x00000000f0000000)
  object space 89088K, 31% used [0x00000000d0000000,0x00000000d1b958d0,0x00000000d5700000)
 Metaspace       used 53923K, capacity 59104K, committed 59160K, reserved 1101824K
  class space    used 7313K, capacity 7643K, committed 7680K, reserved 1048576K
Event: 9.525 GC heap after
Heap after GC invocations=8 (full 2):
 PSYoungGen      total 123904K, used 10720K [0x00000000f0000000, 0x00000000f8600000, 0x0000000100000000)
  eden space 113152K, 0% used [0x00000000f0000000,0x00000000f0000000,0x00000000f6e80000)
  from space 10752K, 99% used [0x00000000f7900000,0x00000000f8378060,0x00000000f8380000)
  to   space 10752K, 0% used [0x00000000f6e80000,0x00000000f6e80000,0x00000000f7900000)
 ParOldGen       total 89088K, used 31461K [0x00000000d0000000, 0x00000000d5700000, 0x00000000f0000000)
  object space 89088K, 35% used [0x00000000d0000000,0x00000000d1eb9480,0x00000000d5700000)
 Metaspace       used 53923K, capacity 59104K, committed 59160K, reserved 1101824K
  class space    used 7313K, capacity 7643K, committed 7680K, reserved 1048576K
}
Event: 9.525 GC heap before
{Heap before GC invocations=9 (full 3):
 PSYoungGen      total 123904K, used 10720K [0x00000000f0000000, 0x00000000f8600000, 0x0000000100000000)
  eden space 113152K, 0% used [0x00000000f0000000,0x00000000f0000000,0x00000000f6e80000)
  from space 10752K, 99% used [0x00000000f7900000,0x00000000f8378060,0x00000000f8380000)
  to   space 10752K, 0% used [0x00000000f6e80000,0x00000000f6e80000,0x00000000f7900000)
 ParOldGen       total 89088K, used 31461K [0x00000000d0000000, 0x00000000d5700000, 0x00000000f0000000)
  object space 89088K, 35% used [0x00000000d0000000,0x00000000d1eb9480,0x00000000d5700000)
 Metaspace       used 53923K, capacity 59104K, committed 59160K, reserved 1101824K
  class space    used 7313K, capacity 7643K, committed 7680K, reserved 1048576K
Event: 9.690 GC heap after
Heap after GC invocations=9 (full 3):
 PSYoungGen      total 123904K, used 0K [0x00000000f0000000, 0x00000000f8600000, 0x0000000100000000)
  eden space 113152K, 0% used [0x00000000f0000000,0x00000000f0000000,0x00000000f6e80000)
  from space 10752K, 0% used [0x00000000f7900000,0x00000000f7900000,0x00000000f8380000)
  to   space 10752K, 0% used [0x00000000f6e80000,0x00000000f6e80000,0x00000000f7900000)
 ParOldGen       total 89088K, used 31560K [0x00000000d0000000, 0x00000000d5700000, 0x00000000f0000000)
  object space 89088K, 35% used [0x00000000d0000000,0x00000000d1ed20a0,0x00000000d5700000)
 Metaspace       used 53920K, capacity 59098K, committed 59160K, reserved 1101824K
  class space    used 7313K, capacity 7641K, committed 7680K, reserved 1048576K
}
Event: 11.297 GC heap before
{Heap before GC invocations=10 (full 3):
 PSYoungGen      total 123904K, used 113152K [0x00000000f0000000, 0x00000000f8600000, 0x0000000100000000)
  eden space 113152K, 100% used [0x00000000f0000000,0x00000000f6e80000,0x00000000f6e80000)
  from space 10752K, 0% used [0x00000000f7900000,0x00000000f7900000,0x00000000f8380000)
  to   space 10752K, 0% used [0x00000000f6e80000,0x00000000f6e80000,0x00000000f7900000)
 ParOldGen       total 89088K, used 31560K [0x00000000d0000000, 0x00000000d5700000, 0x00000000f0000000)
  object space 89088K, 35% used [0x00000000d0000000,0x00000000d1ed20a0,0x00000000d5700000)
 Metaspace       used 59327K, capacity 66072K, committed 66304K, reserved 1107968K
  class space    used 8240K, capacity 8655K, committed 8704K, reserved 1048576K
Event: 11.310 GC heap after
Heap after GC invocations=10 (full 3):
 PSYoungGen      total 123904K, used 10744K [0x00000000f0000000, 0x00000000fcc00000, 0x0000000100000000)
  eden space 113152K, 0% used [0x00000000f0000000,0x00000000f0000000,0x00000000f6e80000)
  from space 10752K, 99% used [0x00000000f6e80000,0x00000000f78fe010,0x00000000f7900000)
  to   space 24064K, 0% used [0x00000000fb480000,0x00000000fb480000,0x00000000fcc00000)
 ParOldGen       total 89088K, used 31771K [0x00000000d0000000, 0x00000000d5700000, 0x00000000f0000000)
  object space 89088K, 35% used [0x00000000d0000000,0x00000000d1f06de8,0x00000000d5700000)
 Metaspace       used 59327K, capacity 66072K, committed 66304K, reserved 1107968K
  class space    used 8240K, capacity 8655K, committed 8704K, reserved 1048576K
}

Deoptimization events (10 events):
Event: 11.061 Thread 0x0000000020a30800 Uncommon trap: reason=array_check action=maybe_recompile pc=0x000000000605f624 method=scala.collection.mutable.ArrayBuilder$ofRef.$plus$eq(Ljava/lang/Object;)Lscala/collection/mutable/ArrayBuilder$ofRef; @ 19
Event: 11.061 Thread 0x0000000020a30800 Uncommon trap: reason=array_check action=maybe_recompile pc=0x000000000605f624 method=scala.collection.mutable.ArrayBuilder$ofRef.$plus$eq(Ljava/lang/Object;)Lscala/collection/mutable/ArrayBuilder$ofRef; @ 19
Event: 11.061 Thread 0x0000000020a30800 Uncommon trap: reason=array_check action=maybe_recompile pc=0x000000000605f624 method=scala.collection.mutable.ArrayBuilder$ofRef.$plus$eq(Ljava/lang/Object;)Lscala/collection/mutable/ArrayBuilder$ofRef; @ 19
Event: 11.061 Thread 0x0000000020a30800 Uncommon trap: reason=array_check action=maybe_recompile pc=0x000000000605f624 method=scala.collection.mutable.ArrayBuilder$ofRef.$plus$eq(Ljava/lang/Object;)Lscala/collection/mutable/ArrayBuilder$ofRef; @ 19
Event: 11.542 Thread 0x0000000020a30800 Uncommon trap: reason=bimorphic action=maybe_recompile pc=0x000000000665c9a0 method=sjsonnew.Unbuilder.readJ(Ljava/lang/Object;Lscala/Function1;)Ljava/lang/Object; @ 144
Event: 11.542 Thread 0x0000000020a30800 Uncommon trap: reason=bimorphic action=maybe_recompile pc=0x000000000665c9a0 method=sjsonnew.Unbuilder.readJ(Ljava/lang/Object;Lscala/Function1;)Ljava/lang/Object; @ 144
Event: 11.542 Thread 0x0000000020a30800 Uncommon trap: reason=bimorphic action=maybe_recompile pc=0x000000000665c9a0 method=sjsonnew.Unbuilder.readJ(Ljava/lang/Object;Lscala/Function1;)Ljava/lang/Object; @ 144
Event: 11.544 Thread 0x0000000020a30800 Uncommon trap: reason=bimorphic action=maybe_recompile pc=0x000000000665c9a0 method=sjsonnew.Unbuilder.readJ(Ljava/lang/Object;Lscala/Function1;)Ljava/lang/Object; @ 144
Event: 11.546 Thread 0x0000000020a30800 Uncommon trap: reason=speculate_class_check action=maybe_recompile pc=0x00000000066d9734 method=sjsonnew.Unbuilder.endObject()V @ 33
Event: 11.733 Thread 0x0000000020a30800 Uncommon trap: reason=class_check action=maybe_recompile pc=0x00000000067bf6a0 method=sjsonnew.Builder.endObject()V @ 52

Internal exceptions (10 events):
Event: 10.727 Thread 0x0000000020a30800 Exception <a 'java/lang/NoSuchMethodError': java.lang.Object.$anonfun$fromJson$1(Lsjsonnew/SupportConverter;Ljava/lang/Object;Lsjsonnew/JsonReader;)Ljava/lang/Object;> (0x00000000f4523a48) thrown at [C:\re\workspace\8-2-build-windows-amd64-cygwin\jdk8u151
Event: 10.734 Thread 0x0000000020a30800 Exception <a 'java/lang/NoSuchMethodError': java.lang.Object.$anonfun$hash$1(Lsjsonnew/SupportHasher;Ljava/lang/Object;Lsjsonnew/HashWriter;)Ljava/lang/Object;> (0x00000000f4718900) thrown at [C:\re\workspace\8-2-build-windows-amd64-cygwin\jdk8u151\9699\h
Event: 10.769 Thread 0x0000000020a30800 Exception <a 'java/lang/NoSuchMethodError': java.lang.Object.$anonfun$occCounts$1$adapted(Lscala/collection/mutable/HashMap;Ljava/lang/Object;)Ljava/lang/Object;> (0x00000000f48b9de0) thrown at [C:\re\workspace\8-2-build-windows-amd64-cygwin\jdk8u151\9699
Event: 10.770 Thread 0x0000000020a30800 Exception <a 'java/lang/NoSuchMethodError': java.lang.Object.$anonfun$diff$1(Lscala/collection/mutable/Map;Lscala/collection/mutable/Builder;Ljava/lang/Object;)Ljava/lang/Object;> (0x00000000f48bddc0) thrown at [C:\re\workspace\8-2-build-windows-amd64-cyg
Event: 10.874 Thread 0x0000000020a30800 Exception <a 'java/lang/NoSuchMethodError': java.lang.Object.$anonfun$LogicalClockFormat$1(Lsbt/librarymanagement/LogicalClock;)Ljava/lang/String;> (0x00000000f4d8c540) thrown at [C:\re\workspace\8-2-build-windows-amd64-cygwin\jdk8u151\9699\hotspot\src\sh
Event: 10.874 Thread 0x0000000020a30800 Exception <a 'java/lang/NoSuchMethodError': java.lang.Object.$anonfun$LogicalClockFormat$2(Ljava/lang/String;)Lsbt/librarymanagement/LogicalClock;> (0x00000000f4d91738) thrown at [C:\re\workspace\8-2-build-windows-amd64-cygwin\jdk8u151\9699\hotspot\src\sh
Event: 10.977 Thread 0x0000000020a30800 Implicit null exception at 0x000000000647ebdb to 0x000000000647f381
Event: 10.977 Thread 0x0000000020a30800 Implicit null exception at 0x0000000005c74aaf to 0x0000000005c74b1d
Event: 11.543 Thread 0x0000000020a30800 Exception <a 'java/lang/NoSuchMethodError': java.lang.Object.$anonfun$isoStringKeyFormat$1(Lsjsonnew/IsoString;Ljava/lang/Object;)Ljava/lang/String;> (0x00000000f0efdf88) thrown at [C:\re\workspace\8-2-build-windows-amd64-cygwin\jdk8u151\9699\hotspot\src\
Event: 11.543 Thread 0x0000000020a30800 Exception <a 'java/lang/NoSuchMethodError': java.lang.Object.$anonfun$isoStringKeyFormat$2(Lsjsonnew/IsoString;Ljava/lang/String;)Ljava/lang/Object;> (0x00000000f0f02858) thrown at [C:\re\workspace\8-2-build-windows-amd64-cygwin\jdk8u151\9699\hotspot\src\

Events (10 events):
Event: 11.786 Thread 0x000000001b814000 DEOPT PACKING pc=0x000000000600c384 sp=0x000000001c87f090
Event: 11.786 Thread 0x000000001b814000 DEOPT UNPACKING pc=0x00000000057c787f sp=0x000000001c87edf0 mode 1
Event: 11.809 Thread 0x000000001b814000 DEOPT PACKING pc=0x000000000627a57f sp=0x000000001c87eff0
Event: 11.809 Thread 0x000000001b814000 DEOPT UNPACKING pc=0x00000000057c787f sp=0x000000001c87ed28 mode 1
Event: 11.809 Thread 0x000000001b814000 DEOPT PACKING pc=0x000000000600c384 sp=0x000000001c87f090
Event: 11.809 Thread 0x000000001b814000 DEOPT UNPACKING pc=0x00000000057c787f sp=0x000000001c87edf0 mode 1
Event: 11.820 Thread 0x000000001b814000 DEOPT PACKING pc=0x000000000627a57f sp=0x000000001c87eff0
Event: 11.820 Thread 0x000000001b814000 DEOPT UNPACKING pc=0x00000000057c787f sp=0x000000001c87ed28 mode 1
Event: 11.820 Thread 0x000000001b814000 DEOPT PACKING pc=0x000000000600c384 sp=0x000000001c87f090
Event: 11.820 Thread 0x000000001b814000 DEOPT UNPACKING pc=0x00000000057c787f sp=0x000000001c87edf0 mode 1


Dynamic libraries:
0x00007ff6f4000000 - 0x00007ff6f4037000 	C:\Program Files\Java\jdk1.8.0_151\bin\java.exe
0x00007ff9fed00000 - 0x00007ff9feee0000 	C:\WINDOWS\SYSTEM32\ntdll.dll
0x00007ff9fec20000 - 0x00007ff9fecce000 	C:\WINDOWS\System32\KERNEL32.DLL
0x00007ff9fbf40000 - 0x00007ff9fc1a6000 	C:\WINDOWS\System32\KERNELBASE.dll
0x00007ff9fe6d0000 - 0x00007ff9fe771000 	C:\WINDOWS\System32\ADVAPI32.dll
0x00007ff9feb80000 - 0x00007ff9fec1d000 	C:\WINDOWS\System32\msvcrt.dll
0x00007ff9fca70000 - 0x00007ff9fcacb000 	C:\WINDOWS\System32\sechost.dll
0x00007ff9fe800000 - 0x00007ff9fe91f000 	C:\WINDOWS\System32\RPCRT4.dll
0x00007ff9fe3d0000 - 0x00007ff9fe55f000 	C:\WINDOWS\System32\USER32.dll
0x00007ff9fc1b0000 - 0x00007ff9fc1d0000 	C:\WINDOWS\System32\win32u.dll
0x00007ff9fe920000 - 0x00007ff9fe948000 	C:\WINDOWS\System32\GDI32.dll
0x00007ff9fb920000 - 0x00007ff9fbab3000 	C:\WINDOWS\System32\gdi32full.dll
0x00007ff9fbbd0000 - 0x00007ff9fbc6b000 	C:\WINDOWS\System32\msvcp_win.dll
0x00007ff9fbe40000 - 0x00007ff9fbf36000 	C:\WINDOWS\System32\ucrtbase.dll
0x00007ff9f0b20000 - 0x00007ff9f0d89000 	C:\WINDOWS\WinSxS\amd64_microsoft.windows.common-controls_6595b64144ccf1df_6.0.16299.192_none_15c8cdae9364c23b\COMCTL32.dll
0x00007ff9fcad0000 - 0x00007ff9fcdd8000 	C:\WINDOWS\System32\combase.dll
0x00007ff9fb150000 - 0x00007ff9fb1c2000 	C:\WINDOWS\System32\bcryptPrimitives.dll
0x00007ff9fc1d0000 - 0x00007ff9fc1fd000 	C:\WINDOWS\System32\IMM32.DLL
0x0000000055300000 - 0x00000000553d2000 	C:\Program Files\Java\jdk1.8.0_151\jre\bin\msvcr100.dll
0x0000000054a60000 - 0x00000000552fd000 	C:\Program Files\Java\jdk1.8.0_151\jre\bin\server\jvm.dll
0x00007ff9feaf0000 - 0x00007ff9feaf8000 	C:\WINDOWS\System32\PSAPI.DLL
0x00007ff9f9d30000 - 0x00007ff9f9d3a000 	C:\WINDOWS\SYSTEM32\VERSION.dll
0x00007ff9ef760000 - 0x00007ff9ef783000 	C:\WINDOWS\SYSTEM32\WINMM.dll
0x00007ff9f3110000 - 0x00007ff9f3119000 	C:\WINDOWS\SYSTEM32\WSOCK32.dll
0x00007ff9fe780000 - 0x00007ff9fe7ec000 	C:\WINDOWS\System32\WS2_32.dll
0x00007ff9eecd0000 - 0x00007ff9eecfa000 	C:\WINDOWS\SYSTEM32\winmmbase.dll
0x00007ff9fb100000 - 0x00007ff9fb14a000 	C:\WINDOWS\System32\cfgmgr32.dll
0x0000000055440000 - 0x000000005544f000 	C:\Program Files\Java\jdk1.8.0_151\jre\bin\verify.dll
0x0000000055410000 - 0x0000000055439000 	C:\Program Files\Java\jdk1.8.0_151\jre\bin\java.dll
0x00000000549c0000 - 0x00000000549f5000 	C:\Program Files\Java\jdk1.8.0_151\jre\bin\jdwp.dll
0x0000000055400000 - 0x0000000055408000 	C:\Program Files\Java\jdk1.8.0_151\jre\bin\npt.dll
0x0000000054a40000 - 0x0000000054a56000 	C:\Program Files\Java\jdk1.8.0_151\jre\bin\zip.dll
0x00007ff9fcf30000 - 0x00007ff9fe366000 	C:\WINDOWS\System32\SHELL32.dll
0x00007ff9fce80000 - 0x00007ff9fcf26000 	C:\WINDOWS\System32\shcore.dll
0x00007ff9fb1d0000 - 0x00007ff9fb917000 	C:\WINDOWS\System32\windows.storage.dll
0x00007ff9fc660000 - 0x00007ff9fc6b1000 	C:\WINDOWS\System32\shlwapi.dll
0x00007ff9fb0c0000 - 0x00007ff9fb0d1000 	C:\WINDOWS\System32\kernel.appcore.dll
0x00007ff9fb050000 - 0x00007ff9fb09c000 	C:\WINDOWS\System32\powrprof.dll
0x00007ff9fb0e0000 - 0x00007ff9fb0fb000 	C:\WINDOWS\System32\profapi.dll
0x00000000553f0000 - 0x00000000553f9000 	C:\Program Files\Java\jdk1.8.0_151\jre\bin\dt_socket.dll
0x00007ff9fa8e0000 - 0x00007ff9fa946000 	C:\WINDOWS\system32\mswsock.dll
0x0000000054a20000 - 0x0000000054a3a000 	C:\Program Files\Java\jdk1.8.0_151\jre\bin\net.dll
0x0000000054a00000 - 0x0000000054a11000 	C:\Program Files\Java\jdk1.8.0_151\jre\bin\nio.dll
0x00007ff9faaa0000 - 0x00007ff9faab7000 	C:\WINDOWS\SYSTEM32\CRYPTSP.dll
0x00007ff9fa4f0000 - 0x00007ff9fa523000 	C:\WINDOWS\system32\rsaenh.dll
0x00007ff9fabb0000 - 0x00007ff9fabd5000 	C:\WINDOWS\SYSTEM32\bcrypt.dll
0x00007ff9faf80000 - 0x00007ff9fafa9000 	C:\WINDOWS\SYSTEM32\USERENV.dll
0x00007ff9faac0000 - 0x00007ff9faacb000 	C:\WINDOWS\SYSTEM32\CRYPTBASE.dll
0x00007ff9fa670000 - 0x00007ff9fa6a9000 	C:\WINDOWS\SYSTEM32\IPHLPAPI.DLL
0x00007ff9fc650000 - 0x00007ff9fc658000 	C:\WINDOWS\System32\NSI.dll
0x00007ff9f5bc0000 - 0x00007ff9f5bd6000 	C:\WINDOWS\SYSTEM32\dhcpcsvc6.DLL
0x00007ff9f5b30000 - 0x00007ff9f5b4a000 	C:\WINDOWS\SYSTEM32\dhcpcsvc.DLL
0x00007ff9efa60000 - 0x00007ff9efa6a000 	C:\Users\hcj\AppData\Local\Temp\jansi-64-1-7301719948031082454.11
0x00000000553e0000 - 0x00000000553ed000 	C:\Program Files\Java\jdk1.8.0_151\jre\bin\management.dll
0x00007ff9ef1d0000 - 0x00007ff9ef1e6000 	C:\WINDOWS\system32\napinsp.dll
0x00007ff9ef1f0000 - 0x00007ff9ef20a000 	C:\WINDOWS\system32\pnrpnsp.dll
0x00007ff9f8870000 - 0x00007ff9f8888000 	C:\WINDOWS\system32\NLAapi.dll
0x00007ff9fa6b0000 - 0x00007ff9fa766000 	C:\WINDOWS\SYSTEM32\DNSAPI.dll
0x00007ff9ef210000 - 0x00007ff9ef21e000 	C:\WINDOWS\System32\winrnr.dll
0x00007ff9f4b70000 - 0x00007ff9f4b7a000 	C:\Windows\System32\rasadhlp.dll
0x00007ff9f5580000 - 0x00007ff9f55f0000 	C:\WINDOWS\System32\fwpuclnt.dll

VM Arguments:
jvm_args: -agentlib:jdwp=transport=dt_socket,address=59708,suspend=n,server=y -Xmx768M -XX:MaxPermSize=384M -Didea.runid=2017.2 -Dfile.encoding=x-windows-949 
java_command: C:\Users\hcj\.IntelliJIdea2017.2\config\plugins\Scala\launcher\sbt-launch.jar idea-shell
java_class_path (initial): C:\Users\hcj\.IntelliJIdea2017.2\config\plugins\Scala\launcher\sbt-launch.jar
Launcher Type: SUN_STANDARD

Environment Variables:
JAVA_HOME=C:\Program Files\Java\jdk1.8.0_151
CLASSPATH=C:\Program Files\Java\jdk1.8.0_151\lib
PATH=C:\ProgramData\Oracle\Java\javapath;C:\WINDOWS\system32;C:\WINDOWS;C:\WINDOWS\System32\Wbem;C:\WINDOWS\System32\WindowsPowerShell\v1.0\;C:\Program Files\Java\jdk1.8.0_151\bin;C:\Program Files\dotnet\;C:\Program Files (x86)\sbt\bin;C:\ProgramData\chocolatey\bin;C:\Program Files\Java\jre7\bin;C:\Python27;C:\Python27\Scripts;C:\Program Files\Java\jdk1.8.0_151\bin;C:\Users\hcj\AppData\Local\Microsoft\WindowsApps;C:\Users\hcj\AppData\Local\atom\bin;C:\bin\scala-2.11.4\bin;
USERNAME=hcj
OS=Windows_NT
PROCESSOR_IDENTIFIER=Intel64 Family 6 Model 58 Stepping 9, GenuineIntel



---------------  S Y S T E M  ---------------

OS: Windows 10.0 , 64 bit Build 16299 (10.0.16299.15)

CPU:total 4 (initial active 4) (4 cores per cpu, 1 threads per core) family 6 model 58 stepping 9, cmov, cx8, fxsr, mmx, sse, sse2, sse3, ssse3, sse4.1, sse4.2, popcnt, avx, aes, clmul, erms, tsc, tscinvbit, tscinv

Memory: 4k page, physical 16729992k(9746136k free), swap 32288772k(5476k free)

vm_info: Java HotSpot(TM) 64-Bit Server VM (25.151-b12) for windows-amd64 JRE (1.8.0_151-b12), built on Sep  5 2017 19:33:46 by "java_re" with MS VC++ 10.0 (VS2010)

time: Mon Jan 15 17:18:58 2018
elapsed time: 11 seconds (0d 0h 0m 11s)

